<?xml version="1.0" encoding="UTF-8"?>
<!-- Generated by org.testng.reporters.JUnitReportReporter -->
<testsuite hostname="DESKTOP-R4OAK6D" failures="0" tests="4" name="test.TC002_Signintest" time="292.689" errors="0" timestamp="2024-03-19T20:29:42 IST" skipped="0">
  <testcase classname="test.TC002_Signintest" name="testsignin" time="72.461"/>
  <system-out/>
  <testcase classname="test.TC002_Signintest" name="testsignin" time="78.341"/>
  <system-out/>
  <testcase classname="test.TC002_Signintest" name="testsignin" time="60.533"/>
  <system-out/>
  <testcase classname="test.TC002_Signintest" name="testsignin" time="81.354"/>
  <system-out/>
</testsuite> <!-- test.TC002_Signintest -->
