<?xml version="1.0" encoding="UTF-8"?>
<!-- Generated by org.testng.reporters.JUnitReportReporter -->
<testsuite hostname="DESKTOP-R4OAK6D" failures="0" tests="1" name="test.TC000_Brokenlinktest" time="52.173" errors="0" timestamp="2024-03-19T20:29:42 IST" skipped="0">
  <testcase classname="test.TC000_Brokenlinktest" name="urlbroken" time="52.173"/>
  <system-out/>
</testsuite> <!-- test.TC000_Brokenlinktest -->
