<?xml version="1.0" encoding="UTF-8"?>
<!-- Generated by org.testng.reporters.JUnitReportReporter -->
<testsuite hostname="DESKTOP-R4OAK6D" failures="0" tests="4" name="test.TC002_Signintest" time="136.436" errors="0" timestamp="2024-03-12T19:53:36 IST" skipped="0">
  <testcase classname="test.TC002_Signintest" name="testsignin" time="38.744"/>
  <system-out/>
  <testcase classname="test.TC002_Signintest" name="testsignin" time="31.323"/>
  <system-out/>
  <testcase classname="test.TC002_Signintest" name="testsignin" time="24.297"/>
  <system-out/>
  <testcase classname="test.TC002_Signintest" name="testsignin" time="42.072"/>
  <system-out/>
</testsuite> <!-- test.TC002_Signintest -->
