<?xml version="1.0" encoding="UTF-8"?>
<!-- Generated by org.testng.reporters.JUnitReportReporter -->
<testsuite hostname="DESKTOP-R4OAK6D" failures="0" tests="5" name="test.TC001_Createaccounttest" time="155.897" errors="0" timestamp="2024-03-12T19:53:36 IST" skipped="0">
  <testcase classname="test.TC001_Createaccounttest" name="createaccount_test" time="30.947"/>
  <system-out/>
  <testcase classname="test.TC001_Createaccounttest" name="createaccount_test" time="31.270"/>
  <system-out/>
  <testcase classname="test.TC001_Createaccounttest" name="createaccount_test" time="32.018"/>
  <system-out/>
  <testcase classname="test.TC001_Createaccounttest" name="createaccount_test" time="28.409"/>
  <system-out/>
  <testcase classname="test.TC001_Createaccounttest" name="createaccount_test" time="33.253"/>
  <system-out/>
</testsuite> <!-- test.TC001_Createaccounttest -->
