<?xml version="1.0" encoding="UTF-8"?>
<!-- Generated by org.testng.reporters.JUnitReportReporter -->
<testsuite hostname="DESKTOP-R4OAK6D" failures="0" tests="5" name="test.TC001_Createaccounttest" time="311.554" errors="0" timestamp="2024-03-19T20:29:42 IST" skipped="0">
  <testcase classname="test.TC001_Createaccounttest" name="createaccount_test" time="56.982"/>
  <system-out/>
  <testcase classname="test.TC001_Createaccounttest" name="createaccount_test" time="47.367"/>
  <system-out/>
  <testcase classname="test.TC001_Createaccounttest" name="createaccount_test" time="106.520"/>
  <system-out/>
  <testcase classname="test.TC001_Createaccounttest" name="createaccount_test" time="55.091"/>
  <system-out/>
  <testcase classname="test.TC001_Createaccounttest" name="createaccount_test" time="45.594"/>
  <system-out/>
</testsuite> <!-- test.TC001_Createaccounttest -->
