<?xml version="1.0" encoding="UTF-8"?>
<!-- Generated by org.testng.reporters.JUnitReportReporter -->
<testsuite hostname="DESKTOP-R4OAK6D" failures="0" tests="1" name="test.TC008_Checkouttest" time="156.018" errors="0" timestamp="2024-03-19T20:29:42 IST" skipped="0">
  <testcase classname="test.TC008_Checkouttest" name="payment" time="156.018"/>
  <system-out/>
</testsuite> <!-- test.TC008_Checkouttest -->
