<?xml version="1.0" encoding="UTF-8"?>
<!-- Generated by org.testng.reporters.JUnitReportReporter -->
<testsuite hostname="DESKTOP-R4OAK6D" failures="0" tests="1" name="test.TC007_Addcartbybrand" time="79.138" errors="0" timestamp="2024-03-19T20:29:42 IST" skipped="0">
  <testcase classname="test.TC007_Addcartbybrand" name="addbrandcart" time="79.138"/>
  <system-out/>
</testsuite> <!-- test.TC007_Addcartbybrand -->
