<?xml version="1.0" encoding="UTF-8"?>
<!-- Generated by org.testng.reporters.JUnitReportReporter -->
<testsuite hostname="DESKTOP-R4OAK6D" failures="0" tests="1" name="test.TC006_Shopdepartaddcart" time="27.154" errors="0" timestamp="2024-03-12T19:53:36 IST" skipped="0">
  <testcase classname="test.TC006_Shopdepartaddcart" name="addcartshop" time="27.154"/>
  <system-out/>
</testsuite> <!-- test.TC006_Shopdepartaddcart -->
