<?xml version="1.0" encoding="UTF-8"?>
<!-- Generated by org.testng.reporters.JUnitReportReporter -->
<testsuite hostname="DESKTOP-R4OAK6D" failures="0" tests="1" name="test.TC003_Menunavigatetest" time="196.960" errors="0" timestamp="2024-03-19T20:29:42 IST" skipped="0">
  <testcase classname="test.TC003_Menunavigatetest" name="navigation" time="196.960"/>
  <system-out/>
</testsuite> <!-- test.TC003_Menunavigatetest -->
