<?xml version="1.0" encoding="UTF-8"?>
<!-- Generated by org.testng.reporters.JUnitReportReporter -->
<testsuite hostname="DESKTOP-R4OAK6D" failures="0" tests="1" name="test.TC005_searchaddcart" time="85.942" errors="0" timestamp="2024-03-19T20:29:42 IST" skipped="0">
  <testcase classname="test.TC005_searchaddcart" name="addcart" time="85.942"/>
  <system-out/>
</testsuite> <!-- test.TC005_searchaddcart -->
