<?xml version="1.0" encoding="UTF-8"?>
<!-- Generated by org.testng.reporters.JUnitReportReporter -->
<testsuite hostname="DESKTOP-R4OAK6D" failures="0" tests="1" name="test.TC00E1_Entrypage" time="190.041" errors="0" timestamp="2024-03-08T12:28:39 IST" skipped="0">
  <testcase classname="test.TC00E1_Entrypage" name="entrypage" time="190.041"/>
  <system-out/>
</testsuite> <!-- test.TC00E1_Entrypage -->
