<?xml version="1.0" encoding="UTF-8"?>
<!-- Generated by org.testng.reporters.JUnitReportReporter -->
<testsuite hostname="DESKTOP-R4OAK6D" failures="0" tests="1" name="test.TC004_Bottomlinktest" time="41.651" errors="0" timestamp="2024-03-19T20:29:42 IST" skipped="0">
  <testcase classname="test.TC004_Bottomlinktest" name="bottomlink" time="41.651"/>
  <system-out/>
</testsuite> <!-- test.TC004_Bottomlinktest -->
