<?xml version="1.0" encoding="UTF-8"?>
<!-- Generated by org.testng.reporters.JUnitReportReporter -->
<testsuite hostname="DESKTOP-R4OAK6D" failures="0" tests="1" name="test.TC003_Topdealtest" time="23.538" errors="0" timestamp="2024-03-08T19:42:45 IST" skipped="0">
  <testcase classname="test.TC003_Topdealtest" name="topdealnavigation" time="23.538"/>
  <system-out/>
</testsuite> <!-- test.TC003_Topdealtest -->
