<?xml version="1.0" encoding="UTF-8"?>
<!-- Generated by org.testng.reporters.JUnitReportReporter -->
<testsuite hostname="DESKTOP-R4OAK6D" failures="0" tests="5" name="test.TC001_Createaccounttest" time="197.399" errors="0" timestamp="2024-03-12T23:36:01 IST" skipped="0">
  <testcase classname="test.TC001_Createaccounttest" name="createaccount_test" time="48.899"/>
  <testcase classname="test.TC001_Createaccounttest" name="createaccount_test" time="31.507"/>
  <testcase classname="test.TC001_Createaccounttest" name="createaccount_test" time="31.612"/>
  <testcase classname="test.TC001_Createaccounttest" name="createaccount_test" time="43.704"/>
  <testcase classname="test.TC001_Createaccounttest" name="createaccount_test" time="41.677"/>
</testsuite> <!-- test.TC001_Createaccounttest -->
