<?xml version="1.0" encoding="UTF-8"?>
<!-- Generated by org.testng.reporters.JUnitReportReporter -->
<testsuite hostname="DESKTOP-R4OAK6D" failures="0" tests="1" name="test.TC007_Addcartbybrand" time="37.807" errors="0" timestamp="2024-03-12T23:36:01 IST" skipped="0">
  <testcase classname="test.TC007_Addcartbybrand" name="addbrandcart" time="37.807"/>
</testsuite> <!-- test.TC007_Addcartbybrand -->
