<?xml version="1.0" encoding="UTF-8"?>
<!-- Generated by org.testng.reporters.JUnitReportReporter -->
<testsuite hostname="DESKTOP-R4OAK6D" failures="0" tests="4" name="test.TC002_Signintest" time="227.380" errors="0" timestamp="2024-03-19T21:33:07 IST" skipped="0">
  <testcase classname="test.TC002_Signintest" name="testsignin" time="67.038"/>
  <testcase classname="test.TC002_Signintest" name="testsignin" time="31.624"/>
  <testcase classname="test.TC002_Signintest" name="testsignin" time="71.961"/>
  <testcase classname="test.TC002_Signintest" name="testsignin" time="56.757"/>
</testsuite> <!-- test.TC002_Signintest -->
