<?xml version="1.0" encoding="UTF-8"?>
<!-- Generated by org.testng.reporters.JUnitReportReporter -->
<testsuite hostname="DESKTOP-R4OAK6D" failures="0" tests="4" name="test.TC002_Signintest" time="126.719" errors="0" timestamp="2024-03-12T23:36:01 IST" skipped="0">
  <testcase classname="test.TC002_Signintest" name="testsignin" time="29.183"/>
  <testcase classname="test.TC002_Signintest" name="testsignin" time="30.182"/>
  <testcase classname="test.TC002_Signintest" name="testsignin" time="28.694"/>
  <testcase classname="test.TC002_Signintest" name="testsignin" time="38.660"/>
</testsuite> <!-- test.TC002_Signintest -->
