<?xml version="1.0" encoding="UTF-8"?>
<!-- Generated by org.testng.reporters.JUnitReportReporter -->
<testsuite hostname="DESKTOP-R4OAK6D" failures="0" tests="5" name="test.TC001_Createaccounttest" time="328.567" errors="0" timestamp="2024-03-19T21:33:07 IST" skipped="0">
  <testcase classname="test.TC001_Createaccounttest" name="createaccount_test" time="57.240"/>
  <testcase classname="test.TC001_Createaccounttest" name="createaccount_test" time="76.673"/>
  <testcase classname="test.TC001_Createaccounttest" name="createaccount_test" time="66.988"/>
  <testcase classname="test.TC001_Createaccounttest" name="createaccount_test" time="58.188"/>
  <testcase classname="test.TC001_Createaccounttest" name="createaccount_test" time="69.478"/>
</testsuite> <!-- test.TC001_Createaccounttest -->
