<?xml version="1.0" encoding="UTF-8"?>
<!-- Generated by org.testng.reporters.JUnitReportReporter -->
<testsuite hostname="DESKTOP-R4OAK6D" failures="0" tests="1" name="test.TC003_Menunavigatetest" time="92.507" errors="0" timestamp="2024-03-19T21:33:07 IST" skipped="0">
  <testcase classname="test.TC003_Menunavigatetest" name="navigation" time="92.507"/>
</testsuite> <!-- test.TC003_Menunavigatetest -->
