<?xml version="1.0" encoding="UTF-8"?>
<!-- Generated by org.testng.reporters.JUnitReportReporter -->
<testsuite hostname="DESKTOP-R4OAK6D" failures="0" tests="1" name="test.TC000_Brokenlinktest" time="44.620" errors="0" timestamp="2024-03-19T21:33:07 IST" skipped="0">
  <testcase classname="test.TC000_Brokenlinktest" name="urlbroken" time="44.620"/>
</testsuite> <!-- test.TC000_Brokenlinktest -->
