<?xml version="1.0" encoding="UTF-8"?>
<!-- Generated by org.testng.reporters.JUnitReportReporter -->
<testsuite hostname="DESKTOP-R4OAK6D" failures="0" tests="1" name="test.TC003_Menunavigatetest" time="60.654" errors="0" timestamp="2024-03-12T23:36:01 IST" skipped="0">
  <testcase classname="test.TC003_Menunavigatetest" name="navigation" time="60.654"/>
</testsuite> <!-- test.TC003_Menunavigatetest -->
